#-----------------------------------------------------------
# Vivado v2018.2 (64-bit)
# SW Build 2258646 on Thu Jun 14 20:03:12 MDT 2018
# IP Build 2256618 on Thu Jun 14 22:10:49 MDT 2018
# Start of session at: Sat Jan  6 04:38:31 2024
# Process ID: 14116
# Current directory: C:/Users/Papa/Desktop/2/HK223/Verilog/Labs/Assignment/assignment/traffic_light
# Command line: vivado.exe -gui_launcher_event rodinguilauncherevent6524 C:\Users\Papa\Desktop\2\HK223\Verilog\Labs\Assignment\assignment\traffic_light\traffic_light.xpr
# Log file: C:/Users/Papa/Desktop/2/HK223/Verilog/Labs/Assignment/assignment/traffic_light/vivado.log
# Journal file: C:/Users/Papa/Desktop/2/HK223/Verilog/Labs/Assignment/assignment/traffic_light\vivado.jou
#-----------------------------------------------------------
start_gui
open_project C:/Users/Papa/Desktop/2/HK223/Verilog/Labs/Assignment/assignment/traffic_light/traffic_light.xpr
INFO: [Project 1-313] Project file moved from 'C:/Users/Papa/Desktop/VHDL/assignment/traffic_light' since last save.
Scanning sources...
Finished scanning sources
INFO: [IP_Flow 19-234] Refreshing IP repositories
INFO: [IP_Flow 19-1704] No user IP repositories specified
INFO: [IP_Flow 19-2313] Loaded Vivado IP repository 'C:/Xilinx/Vivado/2018.2/data/ip'.
open_project: Time (s): cpu = 00:00:16 ; elapsed = 00:00:09 . Memory (MB): peak = 731.633 ; gain = 56.738
update_compile_order -fileset sources_1
exit
INFO: [Common 17-206] Exiting Vivado at Sat Jan  6 04:40:26 2024...
